<?xml version="1.0" encoding="UTF-8"?>
<testng-results ignored="0" total="1" passed="1" failed="0" skipped="0">
  <reporter-output>
  </reporter-output>
  <suite started-at="2023-08-24T13:15:16 IST" name="Default suite" finished-at="2023-08-24T13:15:27 IST" duration-ms="10102">
    <groups>
    </groups>
    <test started-at="2023-08-24T13:15:16 IST" name="Default test" finished-at="2023-08-24T13:15:27 IST" duration-ms="10102">
      <class name="Jenkins_Package.Jenkins_class">
        <test-method signature="main()[pri:0, instance:Jenkins_Package.Jenkins_class@2f7298b]" started-at="2023-08-24T13:15:16 IST" name="main" finished-at="2023-08-24T13:15:27 IST" duration-ms="10073" status="PASS">
          <reporter-output>
          </reporter-output>
        </test-method> <!-- main -->
      </class> <!-- Jenkins_Package.Jenkins_class -->
    </test> <!-- Default test -->
  </suite> <!-- Default suite -->
</testng-results>
